<?xml version="1.0" encoding="UTF-8"?>
<!-- Generated by org.testng.reporters.JUnitReportReporter -->
<testsuite hostname="LAPTOP-V6C11AH6" failures="0" tests="2" name="TestCase.LoginT" time="11.305" errors="0" timestamp="2022-03-30T20:43:49 IST" skipped="0">
  <testcase classname="TestCase.LoginT" name="FailedLogin" time="6.622"/>
  <system-out/>
  <testcase classname="TestCase.LoginT" name="PassLogin" time="4.683"/>
  <system-out/>
</testsuite> <!-- TestCase.LoginT -->
